0 info it worked if it ends with ok
1 verbose cli [ 'd:\\Program Files\\nodejs\\node.exe',
1 verbose cli   'd:\\Program Files\\nodejs\\node_modules\\npm\\bin\\npm-cli.js',
1 verbose cli   'install',
1 verbose cli   '-g',
1 verbose cli   'brackets-ftp' ]
2 info using npm@2.5.1
3 info using node@v0.12.1
4 silly cache add args [ 'brackets-ftp', null ]
5 verbose cache add spec brackets-ftp
6 silly cache add parsed spec { raw: 'brackets-ftp',
6 silly cache add   scope: null,
6 silly cache add   name: 'brackets-ftp',
6 silly cache add   rawSpec: '',
6 silly cache add   spec: '*',
6 silly cache add   type: 'range' }
7 verbose addNamed brackets-ftp@*
8 silly addNamed semver.valid null
9 silly addNamed semver.validRange *
10 silly addNameRange { name: 'brackets-ftp', range: '*', hasData: false }
11 silly mapToRegistry name brackets-ftp
12 silly mapToRegistry using default registry
13 silly mapToRegistry registry https://registry.npmjs.org/
14 silly mapToRegistry uri https://registry.npmjs.org/brackets-ftp
15 verbose addNameRange registry:https://registry.npmjs.org/brackets-ftp not in flight; fetching
16 verbose request uri https://registry.npmjs.org/brackets-ftp
17 verbose request no auth needed
18 info attempt registry request try #1 at 13:48:18
19 verbose request id fd58e0f397855dda
20 http request GET https://registry.npmjs.org/brackets-ftp
21 http 404 https://registry.npmjs.org/brackets-ftp
22 verbose headers { server: 'CouchDB/1.5.0 (Erlang OTP/R16B03)',
22 verbose headers   'content-type': 'application/json',
22 verbose headers   'cache-control': 'max-age=0',
22 verbose headers   'content-length': '51',
22 verbose headers   'accept-ranges': 'bytes',
22 verbose headers   date: 'Fri, 01 May 2015 10:47:44 GMT',
22 verbose headers   via: '1.1 varnish',
22 verbose headers   age: '0',
22 verbose headers   connection: 'keep-alive',
22 verbose headers   'x-served-by': 'cache-ams4137-AMS',
22 verbose headers   'x-cache': 'MISS',
22 verbose headers   'x-cache-hits': '0',
22 verbose headers   'x-timer': 'S1430477263.946531,VS0,VE648' }
23 silly get cb [ 404,
23 silly get   { server: 'CouchDB/1.5.0 (Erlang OTP/R16B03)',
23 silly get     'content-type': 'application/json',
23 silly get     'cache-control': 'max-age=0',
23 silly get     'content-length': '51',
23 silly get     'accept-ranges': 'bytes',
23 silly get     date: 'Fri, 01 May 2015 10:47:44 GMT',
23 silly get     via: '1.1 varnish',
23 silly get     age: '0',
23 silly get     connection: 'keep-alive',
23 silly get     'x-served-by': 'cache-ams4137-AMS',
23 silly get     'x-cache': 'MISS',
23 silly get     'x-cache-hits': '0',
23 silly get     'x-timer': 'S1430477263.946531,VS0,VE648' } ]
24 verbose stack Error: 404 Not Found: brackets-ftp
24 verbose stack     at CachingRegistryClient.<anonymous> (d:\Program Files\nodejs\node_modules\npm\node_modules\npm-registry-client\lib\request.js:251:14)
24 verbose stack     at Request._callback (d:\Program Files\nodejs\node_modules\npm\node_modules\npm-registry-client\lib\request.js:178:14)
24 verbose stack     at Request.self.callback (d:\Program Files\nodejs\node_modules\npm\node_modules\request\request.js:344:22)
24 verbose stack     at Request.emit (events.js:110:17)
24 verbose stack     at Request.<anonymous> (d:\Program Files\nodejs\node_modules\npm\node_modules\request\request.js:1239:14)
24 verbose stack     at Request.emit (events.js:129:20)
24 verbose stack     at IncomingMessage.<anonymous> (d:\Program Files\nodejs\node_modules\npm\node_modules\request\request.js:1187:12)
24 verbose stack     at IncomingMessage.emit (events.js:129:20)
24 verbose stack     at _stream_readable.js:908:16
24 verbose stack     at process._tickCallback (node.js:355:11)
25 verbose statusCode 404
26 verbose pkgid brackets-ftp
27 verbose cwd c:\Users\admin\Desktop\base-template
28 error Windows_NT 6.1.7601
29 error argv "d:\\Program Files\\nodejs\\node.exe" "d:\\Program Files\\nodejs\\node_modules\\npm\\bin\\npm-cli.js" "install" "-g" "brackets-ftp"
30 error node v0.12.1
31 error npm  v2.5.1
32 error code E404
33 error 404 Not Found: brackets-ftp
33 error 404
33 error 404 'brackets-ftp' is not in the npm registry.
33 error 404 You should bug the author to publish it (or use the name yourself!)
33 error 404
33 error 404 Note that you can also install from a
33 error 404 tarball, folder, http url, or git url.
34 verbose exit [ 1, true ]
